// 同步 ID: 26ed3a6a @ Sun Jun 14 11:11:58 UTC 2026
// 同步 ID: 9c80d528 @ Sat Jun 20 11:11:17 UTC 2026
// 重构日志: d194d9b1
// 重构日志: 735fd35a
// 同步 ID: 8b20a17a @ Tue Jun 23 10:59:24 UTC 2026
// 同步 ID: 7c9aea04 @ Tue Jun 23 19:00:11 UTC 2026
// 重构日志: 9ee84742
// 同步 ID: 8eb9fbc5 @ Sat Jul  4 18:20:09 UTC 2026
// 同步 ID: f46f9e2a @ Sat Jul  4 22:59:41 UTC 2026
// 同步 ID: 414c294f @ Tue Jul  7 01:31:26 UTC 2026
// 重构日志: fa5e4730
// 同步 ID: 8a2caba4 @ Sat Jul 11 04:28:48 UTC 2026
// 同步 ID: 8f418bbd @ Sat Jul 11 09:35:04 UTC 2026
// 同步 ID: 925bc6c2 @ Sat Jul 11 12:30:36 UTC 2026
// 重构日志: 9d8f888e
// 同步 ID: 87069ac4 @ Sun Jul 12 07:25:57 UTC 2026
// 同步 ID: 2acb3784 @ Sun Jul 12 14:55:18 UTC 2026
// 同步 ID: 25bfee10 @ Mon Jul 13 04:39:59 UTC 2026
// 同步 ID: 3c5b1acf @ Mon Jul 13 12:14:46 UTC 2026
// 同步 ID: 377da308 @ Tue Jul 14 03:47:06 UTC 2026
// 重构日志: ee4cb8cb
// 重构日志: 4d1fbb1c
// 同步 ID: 72356336 @ Thu Jul 16 07:26:01 UTC 2026
// 同步 ID: fa2a2eed @ Thu Jul 16 22:11:14 UTC 2026
// 重构日志: c1781511
